<?xml version="1.0" encoding="UTF-8"?>
<!-- Generated by org.testng.reporters.JUnitReportReporter -->
<testsuite skipped="0" hostname="Mac-mini.local" name="test.DashboardTestPage" tests="1" failures="0" timestamp="2023-06-16T00:02:04 CDT" time="4.031" errors="0">
  <testcase name="validateMonthDropDown" time="4.031" classname="test.DashboardTestPage"/>
  <system-out/>
</testsuite> <!-- test.DashboardTestPage -->
