<?xml version="1.0" encoding="UTF-8"?>
<!-- Generated by org.testng.reporters.JUnitReportReporter -->
<testsuite skipped="0" hostname="Mac-mini.local" name="test.DashboardTestPage" tests="1" failures="0" timestamp="2023-06-15T22:19:44 CDT" time="3.941" errors="0">
  <testcase name="addCategoryAndValidate" time="3.941" classname="test.DashboardTestPage"/>
  <system-out/>
</testsuite> <!-- test.DashboardTestPage -->
